[ 2018-04-11T00:28:20+08:00 ] ::1 ::1 POST /carmart/home/index/getSysMessages.html
[ log ] localhost/carmart/home/index/getSysMessages.html [运行时间：6.089086s][吞吐率：0.16req/s] [内存消耗：3,440.83kb] [文件加载：54]
[ error ] [2002]SQLSTATE[HY000] [2002] Network is unreachable

---------------------------------------------------------------
[ 2018-04-11T00:28:26+08:00 ] ::1 ::1 POST /carmart/home/index/getSysMessages.html
[ log ] localhost/carmart/home/index/getSysMessages.html [运行时间：2.263269s][吞吐率：0.44req/s] [内存消耗：3,440.80kb] [文件加载：54]
[ error ] [2002]SQLSTATE[HY000] [2002] Network is unreachable

---------------------------------------------------------------
[ 2018-04-11T00:28:40+08:00 ] ::1 ::1 POST /carmart/home/index/getSysMessages.html
[ log ] localhost/carmart/home/index/getSysMessages.html [运行时间：6.056537s][吞吐率：0.17req/s] [内存消耗：3,440.80kb] [文件加载：54]
[ error ] [2002]SQLSTATE[HY000] [2002] Network is unreachable

---------------------------------------------------------------
[ 2018-04-11T00:28:53+08:00 ] ::1 ::1 POST /carmart/home/index/getSysMessages.html
[ log ] localhost/carmart/home/index/getSysMessages.html [运行时间：9.113932s][吞吐率：0.11req/s] [内存消耗：3,440.80kb] [文件加载：54]
[ error ] [2002]SQLSTATE[HY000] [2002] Network is unreachable

---------------------------------------------------------------
[ 2018-04-11T00:29:24+08:00 ] ::1 ::1 POST /carmart/home/index/getSysMessages.html
[ log ] localhost/carmart/home/index/getSysMessages.html [运行时间：30.032809s][吞吐率：0.03req/s] [内存消耗：3,440.80kb] [文件加载：54]
[ error ] [2002]SQLSTATE[HY000] [2002] Operation timed out

---------------------------------------------------------------
[ 2018-04-11T00:29:54+08:00 ] ::1 ::1 POST /carmart/home/index/getSysMessages.html
[ log ] localhost/carmart/home/index/getSysMessages.html [运行时间：49.946200s][吞吐率：0.02req/s] [内存消耗：3,440.80kb] [文件加载：54]
[ error ] [2002]SQLSTATE[HY000] [2002] Operation timed out

---------------------------------------------------------------
[ 2018-04-11T16:13:57+08:00 ] ::1 ::1 GET /carmart/admin/shops/maptest.html
[ log ] localhost/carmart/admin/shops/maptest.html [运行时间：0.037467s][吞吐率：26.69req/s] [内存消耗：3,027.42kb] [文件加载：50]
[ error ] [1]Call to undefined function wstmart\admin\controller\hender()

---------------------------------------------------------------
[ 2018-04-11T16:15:14+08:00 ] ::1 ::1 GET /carmart/admin/shops/maptest.html
[ log ] localhost/carmart/admin/shops/maptest.html [运行时间：0.405128s][吞吐率：2.47req/s] [内存消耗：3,027.42kb] [文件加载：50]
[ error ] [1]Call to undefined function wstmart\admin\controller\hender()

---------------------------------------------------------------
[ 2018-04-11T16:16:04+08:00 ] ::1 ::1 GET /carmart/admin/shops/maptest.html
[ log ] localhost/carmart/admin/shops/maptest.html [运行时间：0.039641s][吞吐率：25.23req/s] [内存消耗：3,027.45kb] [文件加载：50]
[ error ] [1]Call to undefined function wstmart\admin\controller\hender()

---------------------------------------------------------------
[ 2018-04-11T16:16:14+08:00 ] ::1 ::1 GET /carmart/admin/shops/maptest.html
[ log ] localhost/carmart/admin/shops/maptest.html [运行时间：0.142394s][吞吐率：7.02req/s] [内存消耗：3,027.45kb] [文件加载：50]
[ error ] [1]Call to undefined function wstmart\admin\controller\hender()

---------------------------------------------------------------
[ 2018-04-11T16:17:02+08:00 ] ::1 ::1 GET /carmart/admin/shops/maptest.html
[ log ] localhost/carmart/admin/shops/maptest.html [运行时间：0.036593s][吞吐率：27.33req/s] [内存消耗：3,027.55kb] [文件加载：50]
[ error ] [1]Call to undefined function wstmart\admin\controller\hender()

---------------------------------------------------------------
[ 2018-04-11T16:17:19+08:00 ] ::1 ::1 GET /carmart/admin/shops/maptest.html
[ log ] localhost/carmart/admin/shops/maptest.html [运行时间：0.046428s][吞吐率：21.54req/s] [内存消耗：3,027.55kb] [文件加载：50]
[ error ] [1]Call to undefined function wstmart\admin\controller\hender()

---------------------------------------------------------------
[ 2018-04-11T18:02:28+08:00 ] ::1 ::1 GET /carmart/home/shops/shopstreet.html?keyword=test
[ log ] localhost/carmart/home/shops/shopstreet.html?keyword=test [运行时间：1.788771s][吞吐率：0.56req/s] [内存消耗：4,434.93kb] [文件加载：68]
[ error ] [8]未定义数组索引: areaName3

---------------------------------------------------------------
[ 2018-04-11T18:18:26+08:00 ] ::1 ::1 GET /carmart/home/shops/shopstreet.html?keyword=test
[ log ] localhost/carmart/home/shops/shopstreet.html?keyword=test [运行时间：0.736826s][吞吐率：1.36req/s] [内存消耗：3,858.47kb] [文件加载：62]
[ error ] [8]未定义数组下标: 830100

---------------------------------------------------------------
[ 2018-04-11T18:25:22+08:00 ] ::1 ::1 GET /carmart/home/shops/shopstreet.html?keyword=test
[ log ] localhost/carmart/home/shops/shopstreet.html?keyword=test [运行时间：0.544487s][吞吐率：1.84req/s] [内存消耗：3,838.43kb] [文件加载：62]
[ error ] [8]未定义数组索引: areaId

---------------------------------------------------------------
[ 2018-04-11T18:25:50+08:00 ] ::1 ::1 GET /carmart/home/shops/shopstreet.html?keyword=test
[ log ] localhost/carmart/home/shops/shopstreet.html?keyword=test [运行时间：0.764017s][吞吐率：1.31req/s] [内存消耗：3,858.68kb] [文件加载：62]
[ error ] [8]未定义数组下标: 830100

---------------------------------------------------------------
[ 2018-04-11T18:25:53+08:00 ] ::1 ::1 GET /carmart/home/shops/shopstreet.html?keyword=test
[ log ] localhost/carmart/home/shops/shopstreet.html?keyword=test [运行时间：0.842692s][吞吐率：1.19req/s] [内存消耗：3,858.68kb] [文件加载：62]
[ error ] [8]未定义数组下标: 830100

---------------------------------------------------------------
[ 2018-04-11T18:25:57+08:00 ] ::1 ::1 GET /carmart/home/shops/shopstreet.html?keyword=test
[ log ] localhost/carmart/home/shops/shopstreet.html?keyword=test [运行时间：0.770570s][吞吐率：1.30req/s] [内存消耗：3,858.68kb] [文件加载：62]
[ error ] [8]未定义数组下标: 830100

---------------------------------------------------------------
[ 2018-04-11T18:27:05+08:00 ] ::1 ::1 GET /carmart/home/shops/shopstreet.html?keyword=test
[ log ] localhost/carmart/home/shops/shopstreet.html?keyword=test [运行时间：0.810987s][吞吐率：1.23req/s] [内存消耗：3,858.71kb] [文件加载：62]
[ error ] [8]未定义数组下标: 830100

---------------------------------------------------------------
[ 2018-04-11T18:27:08+08:00 ] ::1 ::1 GET /carmart/home/shops/shopstreet.html?keyword=test
[ log ] localhost/carmart/home/shops/shopstreet.html?keyword=test [运行时间：0.782335s][吞吐率：1.28req/s] [内存消耗：3,858.71kb] [文件加载：62]
[ error ] [8]未定义数组下标: 830100

---------------------------------------------------------------
[ 2018-04-11T18:28:53+08:00 ] ::1 ::1 GET /carmart/home/shops/shopstreet.html?keyword=test
[ log ] localhost/carmart/home/shops/shopstreet.html?keyword=test [运行时间：0.750449s][吞吐率：1.33req/s] [内存消耗：3,858.63kb] [文件加载：62]
[ error ] [8]未定义数组下标: 830100

---------------------------------------------------------------
[ 2018-04-11T18:32:20+08:00 ] ::1 ::1 GET /carmart/home/shops/shopstreet.html?keyword=test
[ log ] localhost/carmart/home/shops/shopstreet.html?keyword=test [运行时间：0.783229s][吞吐率：1.28req/s] [内存消耗：3,858.63kb] [文件加载：62]
[ error ] [8]未定义数组下标: 830100

---------------------------------------------------------------
[ 2018-04-11T18:33:08+08:00 ] ::1 ::1 GET /carmart/home/shops/shopstreet.html?keyword=test
[ log ] localhost/carmart/home/shops/shopstreet.html?keyword=test [运行时间：1.714720s][吞吐率：0.58req/s] [内存消耗：3,856.86kb] [文件加载：63]
[ error ] [10501]SQLSTATE[42000]: Syntax error or access violation: 1064 You have an error in your SQL syntax; check the manual that corresponds to your MySQL server version for the right syntax to use near ')' at line 1

---------------------------------------------------------------
[ 2018-04-11T18:33:41+08:00 ] ::1 ::1 GET /carmart/home/shops/shopstreet.html?keyword=test
[ log ] localhost/carmart/home/shops/shopstreet.html?keyword=test [运行时间：0.796796s][吞吐率：1.26req/s] [内存消耗：3,858.71kb] [文件加载：62]
[ error ] [8]未定义数组下标: 830100

---------------------------------------------------------------
[ 2018-04-11T18:35:52+08:00 ] ::1 ::1 GET /carmart/home/shops/shopstreet.html?keyword=test
[ log ] localhost/carmart/home/shops/shopstreet.html?keyword=test [运行时间：0.796776s][吞吐率：1.26req/s] [内存消耗：3,858.71kb] [文件加载：62]
[ error ] [8]未定义数组下标: 830100

---------------------------------------------------------------
[ 2018-04-11T18:41:25+08:00 ] ::1 ::1 GET /carmart/home/shops/shopstreet.html?keyword=test
[ log ] localhost/carmart/home/shops/shopstreet.html?keyword=test [运行时间：0.787982s][吞吐率：1.27req/s] [内存消耗：3,858.77kb] [文件加载：62]
[ error ] [8]未定义数组下标: 830100

---------------------------------------------------------------
[ 2018-04-11T18:41:34+08:00 ] ::1 ::1 GET /carmart/home/shops/shopstreet.html?keyword=test
[ log ] localhost/carmart/home/shops/shopstreet.html?keyword=test [运行时间：0.842310s][吞吐率：1.19req/s] [内存消耗：3,858.73kb] [文件加载：62]
[ error ] [8]Array to string conversion

---------------------------------------------------------------
[ 2018-04-11T18:42:04+08:00 ] ::1 ::1 GET /carmart/home/shops/shopstreet.html?keyword=test
[ log ] localhost/carmart/home/shops/shopstreet.html?keyword=test [运行时间：0.750083s][吞吐率：1.33req/s] [内存消耗：3,858.81kb] [文件加载：62]
[ error ] [8]Array to string conversion

---------------------------------------------------------------
[ 2018-04-11T18:42:09+08:00 ] ::1 ::1 GET /carmart/home/shops/shopstreet.html?keyword=test
[ log ] localhost/carmart/home/shops/shopstreet.html?keyword=test [运行时间：0.785714s][吞吐率：1.27req/s] [内存消耗：3,858.81kb] [文件加载：62]
[ error ] [8]Array to string conversion

---------------------------------------------------------------
[ 2018-04-11T18:42:28+08:00 ] ::1 ::1 GET /carmart/home/shops/shopstreet.html?keyword=test
[ log ] localhost/carmart/home/shops/shopstreet.html?keyword=test [运行时间：2.007433s][吞吐率：0.50req/s] [内存消耗：3,858.96kb] [文件加载：62]
[ error ] [8]未定义数组索引: a.areaId

---------------------------------------------------------------
[ 2018-04-11T18:42:51+08:00 ] ::1 ::1 GET /carmart/home/shops/shopstreet.html?keyword=test
[ log ] localhost/carmart/home/shops/shopstreet.html?keyword=test [运行时间：0.960373s][吞吐率：1.04req/s] [内存消耗：3,858.96kb] [文件加载：62]
[ error ] [8]未定义数组索引: areaId

---------------------------------------------------------------
[ 2018-04-11T18:43:07+08:00 ] ::1 ::1 GET /carmart/home/shops/shopstreet.html?keyword=test
[ log ] localhost/carmart/home/shops/shopstreet.html?keyword=test [运行时间：0.860660s][吞吐率：1.16req/s] [内存消耗：3,858.96kb] [文件加载：62]
[ error ] [8]未定义数组索引: areaName2

---------------------------------------------------------------
[ 2018-04-11T18:43:22+08:00 ] ::1 ::1 GET /carmart/home/shops/shopstreet.html?keyword=test
[ log ] localhost/carmart/home/shops/shopstreet.html?keyword=test [运行时间：0.774222s][吞吐率：1.29req/s] [内存消耗：3,858.97kb] [文件加载：62]
[ error ] [8]未定义数组索引: areaName2

---------------------------------------------------------------
[ 2018-04-11T18:43:24+08:00 ] ::1 ::1 GET /carmart/home/shops/shopstreet.html?keyword=test
[ log ] localhost/carmart/home/shops/shopstreet.html?keyword=test [运行时间：0.790287s][吞吐率：1.27req/s] [内存消耗：3,858.97kb] [文件加载：62]
[ error ] [8]未定义数组索引: areaName2

---------------------------------------------------------------
[ 2018-04-11T18:43:52+08:00 ] ::1 ::1 GET /carmart/home/shops/shopstreet.html?keyword=test
[ log ] localhost/carmart/home/shops/shopstreet.html?keyword=test [运行时间：2.622067s][吞吐率：0.38req/s] [内存消耗：3,858.73kb] [文件加载：62]
[ error ] [8]Array to string conversion

---------------------------------------------------------------
[ 2018-04-11T18:44:02+08:00 ] ::1 ::1 GET /carmart/home/shops/shopstreet.html?keyword=test
[ log ] localhost/carmart/home/shops/shopstreet.html?keyword=test [运行时间：2.787602s][吞吐率：0.36req/s] [内存消耗：3,858.95kb] [文件加载：62]
[ error ] [8]未定义数组下标: 830100

---------------------------------------------------------------
[ 2018-04-11T18:45:24+08:00 ] ::1 ::1 GET /carmart/home/shops/shopstreet.html?keyword=test
[ log ] localhost/carmart/home/shops/shopstreet.html?keyword=test [运行时间：1.497705s][吞吐率：0.67req/s] [内存消耗：3,858.95kb] [文件加载：62]
[ error ] [8]未定义数组下标: 830100

---------------------------------------------------------------
[ 2018-04-11T18:45:43+08:00 ] ::1 ::1 GET /carmart/home/shops/shopstreet.html?keyword=test
[ log ] localhost/carmart/home/shops/shopstreet.html?keyword=test [运行时间：1.293251s][吞吐率：0.77req/s] [内存消耗：3,858.95kb] [文件加载：62]
[ error ] [8]未定义数组下标: 830100

---------------------------------------------------------------
[ 2018-04-11T18:45:50+08:00 ] ::1 ::1 GET /carmart/home/shops/shopstreet.html?keyword=test
[ log ] localhost/carmart/home/shops/shopstreet.html?keyword=test [运行时间：2.098178s][吞吐率：0.48req/s] [内存消耗：3,858.95kb] [文件加载：62]
[ error ] [8]未定义数组下标: 830100

---------------------------------------------------------------
[ 2018-04-11T18:47:10+08:00 ] ::1 ::1 GET /carmart/home/shops/shopstreet.html?keyword=test
[ log ] localhost/carmart/home/shops/shopstreet.html?keyword=test [运行时间：1.895997s][吞吐率：0.53req/s] [内存消耗：3,858.95kb] [文件加载：62]
[ error ] [8]未定义数组下标: 830100

---------------------------------------------------------------
[ 2018-04-11T18:47:24+08:00 ] ::1 ::1 GET /carmart/home/shops/shopstreet.html?keyword=test
[ log ] localhost/carmart/home/shops/shopstreet.html?keyword=test [运行时间：1.324219s][吞吐率：0.76req/s] [内存消耗：3,859.07kb] [文件加载：62]
[ error ] [8]未定义数组下标: 830100

---------------------------------------------------------------
[ 2018-04-11T18:47:29+08:00 ] ::1 ::1 GET /carmart/home/shops/shopstreet.html?keyword=test
[ log ] localhost/carmart/home/shops/shopstreet.html?keyword=test [运行时间：1.324188s][吞吐率：0.76req/s] [内存消耗：3,859.07kb] [文件加载：62]
[ error ] [8]未定义数组下标: 830100

---------------------------------------------------------------
[ 2018-04-11T18:48:34+08:00 ] ::1 ::1 GET /carmart/home/shops/shopstreet.html?keyword=test
[ log ] localhost/carmart/home/shops/shopstreet.html?keyword=test [运行时间：3.068293s][吞吐率：0.33req/s] [内存消耗：3,859.17kb] [文件加载：62]
[ error ] [8]未定义数组下标: 830100

---------------------------------------------------------------
[ 2018-04-11T18:49:09+08:00 ] ::1 ::1 GET /carmart/home/shops/shopstreet.html?keyword=test
[ log ] localhost/carmart/home/shops/shopstreet.html?keyword=test [运行时间：1.361875s][吞吐率：0.73req/s] [内存消耗：3,859.20kb] [文件加载：62]
[ error ] [8]未定义数组下标: 830100

---------------------------------------------------------------
[ 2018-04-11T18:50:03+08:00 ] ::1 ::1 GET /carmart/home/shops/shopstreet.html?keyword=test
[ log ] localhost/carmart/home/shops/shopstreet.html?keyword=test [运行时间：2.109376s][吞吐率：0.47req/s] [内存消耗：3,859.00kb] [文件加载：62]
[ error ] [8]未定义数组下标: 830100

---------------------------------------------------------------
[ 2018-04-11T18:52:44+08:00 ] ::1 ::1 GET /carmart/home/shops/shopstreet.html?keyword=test
[ log ] localhost/carmart/home/shops/shopstreet.html?keyword=test [运行时间：0.988247s][吞吐率：1.01req/s] [内存消耗：3,859.25kb] [文件加载：62]
[ error ] [8]Array to string conversion

---------------------------------------------------------------
[ 2018-04-11T18:54:09+08:00 ] ::1 ::1 GET /carmart/home/shops/shopstreet.html?keyword=test
[ log ] localhost/carmart/home/shops/shopstreet.html?keyword=test [运行时间：1.017914s][吞吐率：0.98req/s] [内存消耗：3,859.07kb] [文件加载：62]
[ error ] [8]未定义数组下标: 830100

---------------------------------------------------------------
[ 2018-04-11T19:02:04+08:00 ] ::1 ::1 GET /carmart/home/shops/shopstreet.html?keyword=test
[ log ] localhost/carmart/home/shops/shopstreet.html?keyword=test [运行时间：23.503578s][吞吐率：0.04req/s] [内存消耗：3,858.84kb] [文件加载：62]
[ error ] [8]Array to string conversion

---------------------------------------------------------------
[ 2018-04-11T20:07:05+08:00 ] ::1 ::1 GET /carmart/home/shops/shopstreet.html?keyword=test
[ log ] localhost/carmart/home/shops/shopstreet.html?keyword=test [运行时间：11.176983s][吞吐率：0.09req/s] [内存消耗：3,858.84kb] [文件加载：62]
[ error ] [8]Array to string conversion

---------------------------------------------------------------
[ 2018-04-11T20:07:16+08:00 ] ::1 ::1 GET /carmart/home/shops/shopstreet.html?keyword=test
[ log ] localhost/carmart/home/shops/shopstreet.html?keyword=test [运行时间：8.765710s][吞吐率：0.11req/s] [内存消耗：3,859.38kb] [文件加载：62]
[ error ] [8]未定义数组下标: 830100

---------------------------------------------------------------
[ 2018-04-11T20:09:49+08:00 ] ::1 ::1 GET /carmart/home/shops/shopstreet.html?keyword=test
[ log ] localhost/carmart/home/shops/shopstreet.html?keyword=test [运行时间：11.080469s][吞吐率：0.09req/s] [内存消耗：3,859.16kb] [文件加载：62]
[ error ] [8]未定义数组下标: 830100

---------------------------------------------------------------
[ 2018-04-11T21:34:44+08:00 ] ::1 ::1 GET /carmart/home/shops/navigator
[ log ] localhost/carmart/home/shops/navigator [运行时间：0.050375s][吞吐率：19.85req/s] [内存消耗：3,051.81kb] [文件加载：50]
[ error ] [0]模板文件不存在:default/www.google.com

---------------------------------------------------------------
