[ 2018-04-25T13:58:20+08:00 ] ::1 ::1 POST /carmart/index.php/home/index/getSysMessages.html
[ log ] localhost/carmart/index.php/home/index/getSysMessages.html [运行时间：0.571970s][吞吐率：1.75req/s] [内存消耗：2,509.30kb] [文件加载：54]
[ error ] [2002]SQLSTATE[HY000] [2002] php_network_getaddresses: getaddrinfo failed: nodename nor servname provided, or not known

---------------------------------------------------------------
[ 2018-04-25T13:58:27+08:00 ] ::1 ::1 POST /carmart/index.php/home/index/getSysMessages.html
[ log ] localhost/carmart/index.php/home/index/getSysMessages.html [运行时间：0.058160s][吞吐率：17.19req/s] [内存消耗：2,509.28kb] [文件加载：54]
[ error ] [2002]SQLSTATE[HY000] [2002] php_network_getaddresses: getaddrinfo failed: nodename nor servname provided, or not known

---------------------------------------------------------------
[ 2018-04-25T14:49:27+08:00 ] ::1 ::1 GET /carmart/
[ log ] localhost/carmart/ [运行时间：0.150094s][吞吐率：6.66req/s] [内存消耗：3,069.63kb] [文件加载：62]
[ error ] [8]未定义数组索引: brands

---------------------------------------------------------------
[ 2018-04-25T14:54:40+08:00 ] ::1 ::1 GET /carmart/
[ log ] localhost/carmart/ [运行时间：0.206799s][吞吐率：4.84req/s] [内存消耗：3,069.75kb] [文件加载：62]
[ error ] [2]Use of undefined constant catName - assumed 'catName' (this will throw an Error in a future version of PHP)

---------------------------------------------------------------
[ 2018-04-25T14:55:50+08:00 ] ::1 ::1 GET /carmart/
[ log ] localhost/carmart/ [运行时间：0.161710s][吞吐率：6.18req/s] [内存消耗：3,069.78kb] [文件加载：62]
[ error ] [2]Use of undefined constant catName - assumed 'catName' (this will throw an Error in a future version of PHP)

---------------------------------------------------------------
[ 2018-04-25T14:55:53+08:00 ] ::1 ::1 GET /carmart/
[ log ] localhost/carmart/ [运行时间：0.118111s][吞吐率：8.47req/s] [内存消耗：2,769.15kb] [文件加载：59]
[ error ] [2]Use of undefined constant catName - assumed 'catName' (this will throw an Error in a future version of PHP)

---------------------------------------------------------------
[ 2018-04-25T14:57:17+08:00 ] ::1 ::1 GET /carmart/
[ log ] localhost/carmart/ [运行时间：0.076687s][吞吐率：13.04req/s] [内存消耗：2,769.95kb] [文件加载：56]
[ error ] [0]语法解析错误: syntax error, unexpected 'if' (T_IF)

---------------------------------------------------------------
[ 2018-04-25T15:08:06+08:00 ] ::1 ::1 GET /carmart/
[ log ] localhost/carmart/ [运行时间：0.121622s][吞吐率：8.22req/s] [内存消耗：3,068.38kb] [文件加载：62]
[ error ] [8]未定义变量: brandFilter

---------------------------------------------------------------
[ 2018-04-25T15:28:09+08:00 ] ::1 ::1 GET /carmart/
[ log ] localhost/carmart/ [运行时间：0.692813s][吞吐率：1.44req/s] [内存消耗：2,767.77kb] [文件加载：59]
[ error ] [8]未定义变量: brandFilter

---------------------------------------------------------------
