[ 2018-04-27T14:46:24+08:00 ] ::1 ::1 POST /carmart/home/index/getSysMessages.html
[ log ] localhost/carmart/home/index/getSysMessages.html [运行时间：35.166040s][吞吐率：0.03req/s] [内存消耗：3,434.16kb] [文件加载：55]
[ error ] [2002]SQLSTATE[HY000] [2002] php_network_getaddresses: getaddrinfo failed: nodename nor servname provided, or not known

---------------------------------------------------------------
[ 2018-04-27T14:49:56+08:00 ] ::1 ::1 GET /carmart/home/goods/detail/id/71.html
[ log ] localhost/carmart/home/goods/detail/id/71.html [运行时间：0.366012s][吞吐率：2.73req/s] [内存消耗：4,720.09kb] [文件加载：66]
[ error ] [8]未定义变量: v1

---------------------------------------------------------------
[ 2018-04-27T14:50:23+08:00 ] ::1 ::1 GET /carmart/home/goods/detail/id/71.html
[ log ] localhost/carmart/home/goods/detail/id/71.html [运行时间：0.235215s][吞吐率：4.25req/s] [内存消耗：4,698.59kb] [文件加载：64]
[ error ] [0]类的属性不存在:wstmart\home\model\Shops->shopPostCode

---------------------------------------------------------------
[ 2018-04-27T14:59:39+08:00 ] ::1 ::1 POST /carmart/home/index/getSysMessages.html
[ log ] localhost/carmart/home/index/getSysMessages.html [运行时间：320.173691s][吞吐率：0.00req/s] [内存消耗：3,456.02kb] [文件加载：55]
[ error ] [2]PDOStatement::execute(): MySQL server has gone away

---------------------------------------------------------------
[ 2018-04-27T15:00:09+08:00 ] ::1 ::1 POST /carmart/home/index/getSysMessages.html
[ log ] localhost/carmart/home/index/getSysMessages.html [运行时间：350.189036s][吞吐率：0.00req/s] [内存消耗：3,434.14kb] [文件加载：55]
[ error ] [2002]SQLSTATE[HY000] [2002] php_network_getaddresses: getaddrinfo failed: nodename nor servname provided, or not known

---------------------------------------------------------------
[ 2018-04-27T15:01:52+08:00 ] ::1 ::1 POST /carmart/home/index/getSysMessages.html
[ log ] localhost/carmart/home/index/getSysMessages.html [运行时间：7.837677s][吞吐率：0.13req/s] [内存消耗：3,413.75kb] [文件加载：53]
[ error ] [2002]SQLSTATE[HY000] [2002] Operation timed out

---------------------------------------------------------------
[ 2018-04-27T15:17:22+08:00 ] ::1 ::1 POST /carmart/home/index/getSysMessages.html
[ log ] localhost/carmart/home/index/getSysMessages.html [运行时间：7.842758s][吞吐率：0.13req/s] [内存消耗：3,413.75kb] [文件加载：53]
[ error ] [2002]SQLSTATE[HY000] [2002] Operation timed out

---------------------------------------------------------------
[ 2018-04-27T15:17:35+08:00 ] ::1 ::1 POST /carmart/home/index/getSysMessages.html
[ log ] localhost/carmart/home/index/getSysMessages.html [运行时间：21.071984s][吞吐率：0.05req/s] [内存消耗：3,413.59kb] [文件加载：53]
[ error ] [2002]SQLSTATE[HY000] [2002] Operation timed out

---------------------------------------------------------------
